<?xml version="1.0" encoding="UTF-8" ?>
<testsuite tests="3" failures="3" name="com.xxx.hadoop1.TestMapFile" time="0.938" errors="0" skipped="0">
  <properties>
[...]
</properties>
  <testcase classname="com.xxx.hadoop1.TestMapFile" name="com.xxx.hadoop1.TestMapFile.testSearchClosest" time="0.576">
    <failure type="java.io.EOFException">java.io.EOFException
	at java.io.DataInputStream.readFully(DataInputStream.java:197)
	at java.io.DataInputStream.readFully(DataInputStream.java:169)
	at org.apache.hadoop.io.SequenceFile$Reader.init(SequenceFile.java:1915)
	at org.apache.hadoop.io.SequenceFile$Reader.initialize(SequenceFile.java:1880)
	at org.apache.hadoop.io.SequenceFile$Reader.&lt;init&gt;(SequenceFile.java:1829)
	at org.apache.hadoop.io.MapFile$Reader.createDataFileReader(MapFile.java:456)
	at org.apache.hadoop.io.MapFile$Reader.open(MapFile.java:429)
	at org.apache.hadoop.io.MapFile$Reader.&lt;init&gt;(MapFile.java:399)
	at org.apache.hadoop.io.MapFile$Reader.&lt;init&gt;(MapFile.java:408)
	at com.xxx.hadoop1.TestMapFile.testSearchClosest(TestMapFile.java:76)
</failure>
    <system-err>17/07/25 15:14:48 ERROR util.Shell: Failed to locate the winutils binary in the hadoop binary path
java.io.IOException: Could not locate executable null\bin\winutils.exe in the Hadoop binaries.
	at org.apache.hadoop.util.Shell.getQualifiedBinPath(Shell.java:356)
	at org.apache.hadoop.util.Shell.getWinUtilsPath(Shell.java:371)
	at org.apache.hadoop.util.Shell.&lt;clinit&gt;(Shell.java:364)
	at org.apache.hadoop.util.StringUtils.&lt;clinit&gt;(StringUtils.java:80)
	at org.apache.hadoop.fs.FileSystem$Cache$Key.&lt;init&gt;(FileSystem.java:2807)
	at org.apache.hadoop.fs.FileSystem$Cache$Key.&lt;init&gt;(FileSystem.java:2802)
	at org.apache.hadoop.fs.FileSystem$Cache.get(FileSystem.java:2668)
	at org.apache.hadoop.fs.FileSystem.get(FileSystem.java:371)
	at org.apache.hadoop.fs.FileSystem.get(FileSystem.java:170)
	at com.xxx.hadoop1.TestMapFile.testSearchClosest(TestMapFile.java:74)
	at sun.reflect.NativeMethodAccessorImpl.invoke0(Native Method)
	at sun.reflect.NativeMethodAccessorImpl.invoke(NativeMethodAccessorImpl.java:62)
	at sun.reflect.DelegatingMethodAccessorImpl.invoke(DelegatingMethodAccessorImpl.java:43)
	at java.lang.reflect.Method.invoke(Method.java:498)
	at org.apache.maven.surefire.junit.PojoTestSet.executeTestMethod(PojoTestSet.java:151)
	at org.apache.maven.surefire.junit.PojoTestSet.executeTestMethods(PojoTestSet.java:102)
	at org.apache.maven.surefire.junit.PojoTestSet.execute(PojoTestSet.java:83)
	at org.apache.maven.surefire.junit.JUnit3Provider.executeTestSet(JUnit3Provider.java:121)
	at org.apache.maven.surefire.junit.JUnit3Provider.invoke(JUnit3Provider.java:98)
	at sun.reflect.NativeMethodAccessorImpl.invoke0(Native Method)
	at sun.reflect.NativeMethodAccessorImpl.invoke(NativeMethodAccessorImpl.java:62)
	at sun.reflect.DelegatingMethodAccessorImpl.invoke(DelegatingMethodAccessorImpl.java:43)
	at java.lang.reflect.Method.invoke(Method.java:498)
	at org.apache.maven.surefire.util.ReflectionUtils.invokeMethodWithArray(ReflectionUtils.java:189)
	at org.apache.maven.surefire.booter.ProviderFactory$ProviderProxy.invoke(ProviderFactory.java:165)
	at org.apache.maven.surefire.booter.ProviderFactory.invokeProvider(ProviderFactory.java:85)
	at org.apache.maven.surefire.booter.ForkedBooter.runSuitesInProcess(ForkedBooter.java:115)
	at org.apache.maven.surefire.booter.ForkedBooter.main(ForkedBooter.java:75)
17/07/25 15:14:48 WARN util.NativeCodeLoader: Unable to load native-hadoop library for your platform... using builtin-java classes where applicable
</system-err>
  </testcase>
  <testcase classname="com.xxx.hadoop1.TestMapFile" name="com.xxx.hadoop1.TestMapFile.testWrite" time="0.317">
    <failure type="java.lang.NullPointerException">java.lang.NullPointerException
	at java.lang.ProcessBuilder.start(ProcessBuilder.java:1012)
	at org.apache.hadoop.util.Shell.runCommand(Shell.java:483)
	at org.apache.hadoop.util.Shell.run(Shell.java:456)
	at org.apache.hadoop.util.Shell$ShellCommandExecutor.execute(Shell.java:722)
	at org.apache.hadoop.util.Shell.execCommand(Shell.java:815)
	at org.apache.hadoop.util.Shell.execCommand(Shell.java:798)
	at org.apache.hadoop.fs.RawLocalFileSystem.setPermission(RawLocalFileSystem.java:731)
	at org.apache.hadoop.fs.RawLocalFileSystem$LocalFSFileOutputStream.&lt;init&gt;(RawLocalFileSystem.java:225)
	at org.apache.hadoop.fs.RawLocalFileSystem$LocalFSFileOutputStream.&lt;init&gt;(RawLocalFileSystem.java:209)
	at org.apache.hadoop.fs.RawLocalFileSystem.createOutputStreamWithMode(RawLocalFileSystem.java:305)
	at org.apache.hadoop.fs.RawLocalFileSystem.create(RawLocalFileSystem.java:294)
	at org.apache.hadoop.fs.RawLocalFileSystem.create(RawLocalFileSystem.java:326)
	at org.apache.hadoop.fs.ChecksumFileSystem$ChecksumFSOutputSummer.&lt;init&gt;(ChecksumFileSystem.java:393)
	at org.apache.hadoop.fs.ChecksumFileSystem.create(ChecksumFileSystem.java:456)
	at org.apache.hadoop.fs.ChecksumFileSystem.create(ChecksumFileSystem.java:435)
	at org.apache.hadoop.fs.FileSystem.create(FileSystem.java:909)
	at org.apache.hadoop.io.SequenceFile$Writer.&lt;init&gt;(SequenceFile.java:1135)
	at org.apache.hadoop.io.SequenceFile$RecordCompressWriter.&lt;init&gt;(SequenceFile.java:1441)
	at org.apache.hadoop.io.SequenceFile.createWriter(SequenceFile.java:275)
	at org.apache.hadoop.io.MapFile$Writer.&lt;init&gt;(MapFile.java:275)
	at org.apache.hadoop.io.MapFile$Writer.&lt;init&gt;(MapFile.java:105)
	at com.xxx.hadoop1.TestMapFile.testWrite(TestMapFile.java:27)
</failure>
  </testcase>
  <testcase classname="com.xxx.hadoop1.TestMapFile" name="com.xxx.hadoop1.TestMapFile.testReader" time="0.045">
    <failure type="java.io.EOFException">java.io.EOFException
	at java.io.DataInputStream.readFully(DataInputStream.java:197)
	at java.io.DataInputStream.readFully(DataInputStream.java:169)
	at org.apache.hadoop.io.SequenceFile$Reader.init(SequenceFile.java:1915)
	at org.apache.hadoop.io.SequenceFile$Reader.initialize(SequenceFile.java:1880)
	at org.apache.hadoop.io.SequenceFile$Reader.&lt;init&gt;(SequenceFile.java:1829)
	at org.apache.hadoop.io.MapFile$Reader.createDataFileReader(MapFile.java:456)
	at org.apache.hadoop.io.MapFile$Reader.open(MapFile.java:429)
	at org.apache.hadoop.io.MapFile$Reader.&lt;init&gt;(MapFile.java:399)
	at org.apache.hadoop.io.MapFile$Reader.&lt;init&gt;(MapFile.java:408)
	at com.xxx.hadoop1.TestMapFile.testReader(TestMapFile.java:43)
</failure>
  </testcase>
</testsuite>